[2018-10-29 15:22:21] [INFO] Login succeed
[2018-10-29 15:25:21] [INFO] Login succeed
[2018-10-29 15:28:01] [INFO] Login succeed
[2018-10-29 15:29:36] [INFO] Login succeed
[2018-10-30 18:32:38] [INFO] Login succeed
[2018-10-30 18:32:38] [INFO] switch to agent: Mozilla/5.0 (Linux; U; Android 1.0; en-us; dream) AppleWebKit/525.10  (KHTML, like Gecko) Version/3.0.4 Mobile Safari/523.12.2
[2018-10-30 18:32:38] [INFO] switch to account: 455075468@qq.com
[2018-10-30 18:32:40] [INFO] Login succeed
[2018-10-30 18:34:10] [INFO] Login succeed
[2018-10-30 18:34:10] [INFO] switch to agent: Mozilla/4.0 (compatible; MSIE 6.0; Windows NT 5.1
[2018-10-30 18:34:10] [INFO] switch to account: zhangjie@elements.org.cn
[2018-10-30 18:34:12] [INFO] Login succeed
[2018-10-30 18:35:14] [INFO] Login succeed
[2018-10-30 18:35:14] [INFO] switch to agent: Mozilla/5.0 (Linux; U; Android 2.1; en-us; Nexus One Build/ERD62) AppleWebKit/530.17 (KHTML, like Gecko) Version/4.0 Mobile Safari/530.17
[2018-10-30 18:35:14] [INFO] switch to account: zhangjie@elements.org.cn
[2018-10-30 18:35:19] [INFO] Login succeed
[2018-10-30 18:40:30] [INFO] Login succeed
[2018-10-30 18:40:30] [INFO] switch to agent: Mozilla/5.0 (Linux; U; Android 1.0; en-us; dream) AppleWebKit/525.10  (KHTML, like Gecko) Version/3.0.4 Mobile Safari/523.12.2
[2018-10-30 18:40:30] [INFO] switch to account: a455075468@163.com
[2018-10-30 18:40:32] [INFO] Login succeed
[2018-10-30 18:42:32] [INFO] Login succeed
[2018-10-30 18:42:32] [INFO] switch to agent: Mozilla/4.0 (compatible; MSIE 6.0; Windows NT 5.1
[2018-10-30 18:42:32] [INFO] switch to account: a455075468@163.com
[2018-10-30 18:42:36] [INFO] Login succeed
[2018-10-30 18:42:45] [INFO] Login succeed
[2018-10-30 18:42:45] [INFO] switch to agent: Mozilla/5.0 (Linux; U; Android 1.5; de-ch; HTC Hero Build/CUPCAKE) AppleWebKit/528.5  (KHTML, like Gecko) Version/3.1.2 Mobile Safari/525.20.1
[2018-10-30 18:42:45] [INFO] switch to account: zhangjie@elements.org.cn
[2018-10-30 18:42:46] [INFO] Login succeed
